{0 0} cmd: "[1m"
{0 0} cmd: "[7m"
[32mtxt: "%"[0m 1
{1 0} cmd: "[27m"
{1 0} cmd: "[1m"
{1 0} cmd: "[0m"
[32mtxt: "                                                                                                                                         "[0m 137
[32mtxt: " "[0m 1
{0 0} cmd: "[0m"
{0 0} cmd: "[27m"
{0 0} cmd: "[24m"
{0 0} cmd: "[J"
{0 1} cmd: "[1;36m"
[32mtxt: "termemu"[0m 7
{7 1} cmd: "[0m"
[32mtxt: " on "[0m 4
{11 1} cmd: "[1;35m"
[32mtxt: "\ue0a0 master"[0m 8
{19 1} cmd: "[0m"
[32mtxt: " "[0m 1
{20 1} cmd: "[1;31m"
[32mtxt: "[!?]"[0m 4
{24 1} cmd: "[0m"
[32mtxt: " via "[0m 5
{29 1} cmd: "[1;36m"
[32mtxt: "🐹 v1.24.3 "[0m 10
{39 1} cmd: "[0m"
{0 2} cmd: "[1;32m"
[32mtxt: "❯"[0m 1
{1 2} cmd: "[0m"
[32mtxt: " "[0m 1
{2 2} cmd: "[K"
{2 2} cmd: "[?2004h"
[32mtxt: "s"[0m 1
[32mtxt: "sl"[0m 2
[32mtxt: "e"[0m 1
[32mtxt: "e"[0m 1
[32mtxt: "p"[0m 1
[32mtxt: " "[0m 1
[32mtxt: "4"[0m 1
{9 2} cmd: "[?2004l"
{0 3} cmd: "[1m"
{0 3} cmd: "[7m"
[32mtxt: "%"[0m 1
{1 3} cmd: "[27m"
{1 3} cmd: "[1m"
{1 3} cmd: "[0m"
[32mtxt: "                                                                                                                                         "[0m 137
[32mtxt: " "[0m 1
{0 3} cmd: "[0m"
{0 3} cmd: "[27m"
{0 3} cmd: "[24m"
{0 3} cmd: "[J"
{0 4} cmd: "[1;36m"
[32mtxt: "termemu"[0m 7
{7 4} cmd: "[0m"
[32mtxt: " on "[0m 4
{11 4} cmd: "[1;35m"
[32mtxt: "\ue0a0 master"[0m 8
{19 4} cmd: "[0m"
[32mtxt: " "[0m 1
{20 4} cmd: "[1;31m"
[32mtxt: "[!?]"[0m 4
{24 4} cmd: "[0m"
[32mtxt: " via "[0m 5
{29 4} cmd: "[1;36m"
[32mtxt: "🐹 v1.24.3 "[0m 10
{39 4} cmd: "[0m"
[32mtxt: "took "[0m 5
{44 4} cmd: "[1;33m"
[32mtxt: "4s"[0m 2
{46 4} cmd: "[0m"
[32mtxt: " "[0m 1
{0 5} cmd: "[1;32m"
[32mtxt: "❯"[0m 1
{1 5} cmd: "[0m"
[32mtxt: " "[0m 1
{2 5} cmd: "[K"
{2 5} cmd: "[?2004h"
{2 5} cmd: "[?2004l"
